<?xml version="1.0" encoding="UTF-8"?>
<testsuite xmlns:xsi="http://www.w3.org/2001/XMLSchema-instance" xsi:noNamespaceSchemaLocation="https://maven.apache.org/surefire/maven-surefire-plugin/xsd/surefire-test-report.xsd" name="dovbenko.hw3.tsk1.AppTest" time="51.479" tests="3" errors="0" skipped="0" failures="0">
  <properties>
[...]
</properties>
  <testcase name="allShipsLoadedTest" classname="dovbenko.hw3.tsk1.AppTest" time="0.111"/>
  <testcase name="initialLocationTest" classname="dovbenko.hw3.tsk1.AppTest" time="0"/>
  <testcase name="allShipsHavePassedTunnelTest" classname="dovbenko.hw3.tsk1.AppTest" time="0.001"/>
</testsuite>